<?xml version="1.0" encoding="UTF-8"?>
<!-- Generated by org.testng.reporters.JUnitReportReporter -->
<testsuite hostname="JANDA" failures="0" tests="5" name="dktextGN1.textNG_priortydemo1" time="0.219" errors="0" timestamp="2024-02-27T00:14:43 IST" skipped="0">
  <testcase classname="dktextGN1.textNG_priortydemo1" name="facebook" time="0.069"/>
  <system-out/>
  <testcase classname="dktextGN1.textNG_priortydemo1" name="google" time="0.038"/>
  <system-out/>
  <testcase classname="dktextGN1.textNG_priortydemo1" name="twitter" time="0.037"/>
  <system-out/>
  <testcase classname="dktextGN1.textNG_priortydemo1" name="selenium" time="0.036"/>
  <system-out/>
  <testcase classname="dktextGN1.textNG_priortydemo1" name="youtube" time="0.039"/>
  <system-out/>
</testsuite> <!-- dktextGN1.textNG_priortydemo1 -->
