<?xml version="1.0" encoding="UTF-8"?>
<!-- Generated by org.testng.reporters.JUnitReportReporter -->
<testsuite hostname="JANDA" failures="0" tests="2" name="sikuliclass.Scrolldown" time="16.750" errors="0" timestamp="2024-03-14T11:14:19 IST" skipped="0">
  <testcase classname="sikuliclass.Scrolldown" name="scrollup" time="6.040"/>
  <system-out/>
  <testcase classname="sikuliclass.Scrolldown" name="scrolldown" time="10.710"/>
  <system-out/>
</testsuite> <!-- sikuliclass.Scrolldown -->
