<?xml version="1.0" encoding="UTF-8"?>
<!-- Generated by org.testng.reporters.JUnitReportReporter -->
<testsuite hostname="JANDA" failures="0" tests="5" name="dktextGN1.testNG_skip" time="18.361" errors="0" timestamp="2024-02-28T08:36:55 IST" skipped="0">
  <testcase classname="dktextGN1.testNG_skip" name="seleniumlearn" time="2.713"/>
  <system-out/>
  <testcase classname="dktextGN1.testNG_skip" name="youtube" time="9.134"/>
  <system-out/>
  <testcase classname="dktextGN1.testNG_skip" name="google" time="1.983"/>
  <system-out/>
  <testcase classname="dktextGN1.testNG_skip" name="gmail" time="3.911"/>
  <system-out/>
  <testcase classname="dktextGN1.testNG_skip" name="facebook" time="0.620"/>
  <system-out/>
</testsuite> <!-- dktextGN1.testNG_skip -->
