<?xml version="1.0" encoding="UTF-8"?>
<!-- Generated by org.testng.reporters.JUnitReportReporter -->
<testsuite hostname="JANDA" failures="0" tests="1" name="dktextGN1.textNG_timeover" time="7.255" errors="0" timestamp="2024-02-28T15:00:51 IST" skipped="0">
  <testcase classname="dktextGN1.textNG_timeover" name="googleselenium" time="7.255"/>
  <system-out/>
</testsuite> <!-- dktextGN1.textNG_timeover -->
