<?xml version="1.0" encoding="UTF-8"?>
<!-- Generated by org.testng.reporters.JUnitReportReporter -->
<testsuite hostname="JANDA" failures="0" tests="1" name="dktextGN1.textNG_doubledrag" time="13.214" errors="0" timestamp="2024-03-06T11:20:21 IST" skipped="0">
  <testcase classname="dktextGN1.textNG_doubledrag" name="keyboardkeys" time="13.214"/>
  <system-out/>
</testsuite> <!-- dktextGN1.textNG_doubledrag -->
