<?xml version="1.0" encoding="UTF-8"?>
<!-- Generated by org.testng.reporters.JUnitReportReporter -->
<testsuite hostname="JANDA" failures="0" tests="5" name="dktextGN1.textNG_alphabectical_1" time="0.217" errors="0" timestamp="2024-02-27T00:12:29 IST" skipped="0">
  <testcase classname="dktextGN1.textNG_alphabectical_1" name="facebook" time="0.068"/>
  <system-out/>
  <testcase classname="dktextGN1.textNG_alphabectical_1" name="google" time="0.040"/>
  <system-out/>
  <testcase classname="dktextGN1.textNG_alphabectical_1" name="selenium" time="0.036"/>
  <system-out/>
  <testcase classname="dktextGN1.textNG_alphabectical_1" name="youtube" time="0.037"/>
  <system-out/>
  <testcase classname="dktextGN1.textNG_alphabectical_1" name="twitter" time="0.036"/>
  <system-out/>
</testsuite> <!-- dktextGN1.textNG_alphabectical_1 -->
