<?xml version="1.0" encoding="UTF-8"?>
<!-- Generated by org.testng.reporters.JUnitReportReporter -->
<testsuite hostname="JANDA" failures="0" tests="1" name="dktextGN1.textNG_DropdownValues" time="19.280" errors="0" timestamp="2024-03-02T11:01:47 IST" skipped="0">
  <testcase classname="dktextGN1.textNG_DropdownValues" name="f" time="19.280"/>
  <system-out/>
</testsuite> <!-- dktextGN1.textNG_DropdownValues -->
