<?xml version="1.0" encoding="UTF-8"?>
<!-- Generated by org.testng.reporters.JUnitReportReporter -->
<testsuite hostname="JANDA" failures="0" tests="1" name="dktextGN1.testNG_ALERT_BOX" time="16.987" errors="0" timestamp="2024-03-02T11:36:14 IST" skipped="0">
  <testcase classname="dktextGN1.testNG_ALERT_BOX" name="f2" time="16.987"/>
  <system-out/>
</testsuite> <!-- dktextGN1.testNG_ALERT_BOX -->
