<?xml version="1.0" encoding="UTF-8"?>
<!-- Generated by org.testng.reporters.JUnitReportReporter -->
<testsuite hostname="JANDA" failures="0" tests="1" name="dktextGN1.textNG_timeout" time="5.657" errors="0" timestamp="2024-02-27T08:49:39 IST" skipped="0">
  <testcase classname="dktextGN1.textNG_timeout" name="f" time="5.657"/>
  <system-out/>
</testsuite> <!-- dktextGN1.textNG_timeout -->
